2022-10-29 15:26:59,842 P44539 INFO {
    "batch_norm": "True",
    "batch_size": "4096",
    "data_format": "csv",
    "data_root": "../data/Movielens/",
    "dataset_id": "movielenslatest_x1_cd32d937",
    "debug": "False",
    "embedding_dim": "10",
    "embedding_regularizer": "0.01",
    "epochs": "100",
    "every_x_epochs": "1",
    "feature_cols": "[{'active': True, 'dtype': 'float', 'name': ['user_id', 'item_id', 'tag_id'], 'type': 'categorical'}]",
    "gpu": "0",
    "hidden_activations": "relu",
    "hidden_units": "[400, 400, 400]",
    "label_col": "{'dtype': 'float', 'name': 'label'}",
    "learning_rate": "0.001",
    "loss": "binary_crossentropy",
    "metrics": "['AUC', 'logloss']",
    "min_categr_count": "1",
    "model": "DeepFM",
    "model_id": "DeepFM_movielenslatest_x1_005_0f6d2e8e",
    "model_root": "./Movielens/DeepFM_movielenslatest_x1/",
    "monitor": "AUC",
    "monitor_mode": "max",
    "net_dropout": "0.3",
    "net_regularizer": "0",
    "num_workers": "3",
    "optimizer": "adam",
    "patience": "2",
    "pickle_feature_encoder": "True",
    "save_best_only": "True",
    "seed": "2021",
    "shuffle": "True",
    "task": "binary_classification",
    "test_data": "../data/Movielens/MovielensLatest_x1/test.csv",
    "train_data": "../data/Movielens/MovielensLatest_x1/train.csv",
    "use_hdf5": "True",
    "valid_data": "../data/Movielens/MovielensLatest_x1/valid.csv",
    "verbose": "1",
    "version": "pytorch"
}
2022-10-29 15:26:59,843 P44539 INFO Set up feature encoder...
2022-10-29 15:26:59,843 P44539 INFO Load feature_map from json: ../data/Movielens/movielenslatest_x1_cd32d937/feature_map.json
2022-10-29 15:26:59,843 P44539 INFO Loading data...
2022-10-29 15:26:59,845 P44539 INFO Loading data from h5: ../data/Movielens/movielenslatest_x1_cd32d937/train.h5
2022-10-29 15:26:59,871 P44539 INFO Loading data from h5: ../data/Movielens/movielenslatest_x1_cd32d937/valid.h5
2022-10-29 15:26:59,879 P44539 INFO Train samples: total/1404801, pos/467878, neg/936923, ratio/33.31%, blocks/1
2022-10-29 15:26:59,879 P44539 INFO Validation samples: total/401372, pos/134225, neg/267147, ratio/33.44%, blocks/1
2022-10-29 15:26:59,879 P44539 INFO Loading train data done.
2022-10-29 15:27:03,443 P44539 INFO Total number of parameters: 1328630.
2022-10-29 15:27:03,444 P44539 INFO Start training: 343 batches/epoch
2022-10-29 15:27:03,444 P44539 INFO ************ Epoch=1 start ************
2022-10-29 15:27:16,584 P44539 INFO [Metrics] AUC: 0.933626 - logloss: 0.294289
2022-10-29 15:27:16,585 P44539 INFO Save best model: monitor(max): 0.933626
2022-10-29 15:27:16,595 P44539 INFO --- 343/343 batches finished ---
2022-10-29 15:27:16,645 P44539 INFO Train loss: 0.383940
2022-10-29 15:27:16,645 P44539 INFO ************ Epoch=1 end ************
2022-10-29 15:27:29,763 P44539 INFO [Metrics] AUC: 0.944673 - logloss: 0.268256
2022-10-29 15:27:29,764 P44539 INFO Save best model: monitor(max): 0.944673
2022-10-29 15:27:29,776 P44539 INFO --- 343/343 batches finished ---
2022-10-29 15:27:29,825 P44539 INFO Train loss: 0.364249
2022-10-29 15:27:29,826 P44539 INFO ************ Epoch=2 end ************
2022-10-29 15:27:41,397 P44539 INFO [Metrics] AUC: 0.948251 - logloss: 0.261106
2022-10-29 15:27:41,398 P44539 INFO Save best model: monitor(max): 0.948251
2022-10-29 15:27:41,407 P44539 INFO --- 343/343 batches finished ---
2022-10-29 15:27:41,442 P44539 INFO Train loss: 0.368224
2022-10-29 15:27:41,442 P44539 INFO ************ Epoch=3 end ************
2022-10-29 15:27:54,166 P44539 INFO [Metrics] AUC: 0.949748 - logloss: 0.252908
2022-10-29 15:27:54,167 P44539 INFO Save best model: monitor(max): 0.949748
2022-10-29 15:27:54,179 P44539 INFO --- 343/343 batches finished ---
2022-10-29 15:27:54,234 P44539 INFO Train loss: 0.370964
2022-10-29 15:27:54,234 P44539 INFO ************ Epoch=4 end ************
2022-10-29 15:28:07,134 P44539 INFO [Metrics] AUC: 0.950725 - logloss: 0.249454
2022-10-29 15:28:07,134 P44539 INFO Save best model: monitor(max): 0.950725
2022-10-29 15:28:07,143 P44539 INFO --- 343/343 batches finished ---
2022-10-29 15:28:07,194 P44539 INFO Train loss: 0.374899
2022-10-29 15:28:07,195 P44539 INFO ************ Epoch=5 end ************
2022-10-29 15:28:20,055 P44539 INFO [Metrics] AUC: 0.951914 - logloss: 0.244771
2022-10-29 15:28:20,055 P44539 INFO Save best model: monitor(max): 0.951914
2022-10-29 15:28:20,064 P44539 INFO --- 343/343 batches finished ---
2022-10-29 15:28:20,119 P44539 INFO Train loss: 0.376905
2022-10-29 15:28:20,120 P44539 INFO ************ Epoch=6 end ************
2022-10-29 15:28:33,124 P44539 INFO [Metrics] AUC: 0.952396 - logloss: 0.249258
2022-10-29 15:28:33,125 P44539 INFO Save best model: monitor(max): 0.952396
2022-10-29 15:28:33,133 P44539 INFO --- 343/343 batches finished ---
2022-10-29 15:28:33,174 P44539 INFO Train loss: 0.379039
2022-10-29 15:28:33,174 P44539 INFO ************ Epoch=7 end ************
2022-10-29 15:28:46,304 P44539 INFO [Metrics] AUC: 0.953777 - logloss: 0.240847
2022-10-29 15:28:46,305 P44539 INFO Save best model: monitor(max): 0.953777
2022-10-29 15:28:46,316 P44539 INFO --- 343/343 batches finished ---
2022-10-29 15:28:46,362 P44539 INFO Train loss: 0.380648
2022-10-29 15:28:46,362 P44539 INFO ************ Epoch=8 end ************
2022-10-29 15:28:59,707 P44539 INFO [Metrics] AUC: 0.954308 - logloss: 0.239431
2022-10-29 15:28:59,708 P44539 INFO Save best model: monitor(max): 0.954308
2022-10-29 15:28:59,719 P44539 INFO --- 343/343 batches finished ---
2022-10-29 15:28:59,763 P44539 INFO Train loss: 0.382599
2022-10-29 15:28:59,763 P44539 INFO ************ Epoch=9 end ************
2022-10-29 15:29:12,673 P44539 INFO [Metrics] AUC: 0.954788 - logloss: 0.237974
2022-10-29 15:29:12,673 P44539 INFO Save best model: monitor(max): 0.954788
2022-10-29 15:29:12,682 P44539 INFO --- 343/343 batches finished ---
2022-10-29 15:29:12,717 P44539 INFO Train loss: 0.381046
2022-10-29 15:29:12,717 P44539 INFO ************ Epoch=10 end ************
2022-10-29 15:29:25,884 P44539 INFO [Metrics] AUC: 0.955321 - logloss: 0.236506
2022-10-29 15:29:25,885 P44539 INFO Save best model: monitor(max): 0.955321
2022-10-29 15:29:25,894 P44539 INFO --- 343/343 batches finished ---
2022-10-29 15:29:25,931 P44539 INFO Train loss: 0.381104
2022-10-29 15:29:25,931 P44539 INFO ************ Epoch=11 end ************
2022-10-29 15:29:38,798 P44539 INFO [Metrics] AUC: 0.955086 - logloss: 0.238763
2022-10-29 15:29:38,799 P44539 INFO Monitor(max) STOP: 0.955086 !
2022-10-29 15:29:38,799 P44539 INFO Reduce learning rate on plateau: 0.000100
2022-10-29 15:29:38,799 P44539 INFO --- 343/343 batches finished ---
2022-10-29 15:29:38,846 P44539 INFO Train loss: 0.381737
2022-10-29 15:29:38,846 P44539 INFO ************ Epoch=12 end ************
2022-10-29 15:29:51,881 P44539 INFO [Metrics] AUC: 0.966958 - logloss: 0.207044
2022-10-29 15:29:51,881 P44539 INFO Save best model: monitor(max): 0.966958
2022-10-29 15:29:51,892 P44539 INFO --- 343/343 batches finished ---
2022-10-29 15:29:51,937 P44539 INFO Train loss: 0.280365
2022-10-29 15:29:51,938 P44539 INFO ************ Epoch=13 end ************
2022-10-29 15:30:04,919 P44539 INFO [Metrics] AUC: 0.968768 - logloss: 0.212037
2022-10-29 15:30:04,920 P44539 INFO Save best model: monitor(max): 0.968768
2022-10-29 15:30:04,931 P44539 INFO --- 343/343 batches finished ---
2022-10-29 15:30:04,983 P44539 INFO Train loss: 0.194116
2022-10-29 15:30:04,983 P44539 INFO ************ Epoch=14 end ************
2022-10-29 15:30:17,960 P44539 INFO [Metrics] AUC: 0.967715 - logloss: 0.233148
2022-10-29 15:30:17,963 P44539 INFO Monitor(max) STOP: 0.967715 !
2022-10-29 15:30:17,963 P44539 INFO Reduce learning rate on plateau: 0.000010
2022-10-29 15:30:17,963 P44539 INFO --- 343/343 batches finished ---
2022-10-29 15:30:18,024 P44539 INFO Train loss: 0.150472
2022-10-29 15:30:18,024 P44539 INFO ************ Epoch=15 end ************
2022-10-29 15:30:31,163 P44539 INFO [Metrics] AUC: 0.967179 - logloss: 0.247217
2022-10-29 15:30:31,165 P44539 INFO Monitor(max) STOP: 0.967179 !
2022-10-29 15:30:31,165 P44539 INFO Reduce learning rate on plateau: 0.000001
2022-10-29 15:30:31,165 P44539 INFO Early stopping at epoch=16
2022-10-29 15:30:31,165 P44539 INFO --- 343/343 batches finished ---
2022-10-29 15:30:31,229 P44539 INFO Train loss: 0.117001
2022-10-29 15:30:31,229 P44539 INFO Training finished.
2022-10-29 15:30:31,229 P44539 INFO Load best model: /home/FuxiCTR/benchmarks/Movielens/DeepFM_movielenslatest_x1/movielenslatest_x1_cd32d937/DeepFM_movielenslatest_x1_005_0f6d2e8e.model
2022-10-29 15:30:31,258 P44539 INFO ****** Validation evaluation ******
2022-10-29 15:30:32,694 P44539 INFO [Metrics] AUC: 0.968768 - logloss: 0.212037
2022-10-29 15:30:32,751 P44539 INFO ******** Test evaluation ********
2022-10-29 15:30:32,751 P44539 INFO Loading data...
2022-10-29 15:30:32,751 P44539 INFO Loading data from h5: ../data/Movielens/movielenslatest_x1_cd32d937/test.h5
2022-10-29 15:30:32,756 P44539 INFO Test samples: total/200686, pos/66850, neg/133836, ratio/33.31%, blocks/1
2022-10-29 15:30:32,756 P44539 INFO Loading test data done.
2022-10-29 15:30:33,431 P44539 INFO [Metrics] AUC: 0.968515 - logloss: 0.213002
