2023-05-24 11:27:29,816 P47166 INFO Params: {
    "attention_activation": "Dice",
    "attention_dropout": "0.1",
    "attention_hidden_units": "[256, 128]",
    "aux_activation": "ReLU",
    "aux_hidden_units": "[100, 50]",
    "aux_loss_lambda": "0",
    "batch_norm": "True",
    "batch_size": "1024",
    "bn_only_once": "True",
    "data_format": "csv",
    "data_root": "../data/Amazon/",
    "dataset_id": "amazonelectronics_x1_51836f99",
    "debug_mode": "False",
    "dnn_activations": "ReLU",
    "dnn_hidden_units": "[1024, 512, 256]",
    "early_stop_patience": "2",
    "embedding_dim": "64",
    "embedding_regularizer": "0.005",
    "enable_sum_pooling": "False",
    "epochs": "100",
    "eval_steps": "None",
    "feature_cols": "[{'active': True, 'dtype': 'int', 'name': 'user_id', 'remap': False, 'type': 'meta'}, {'active': True, 'dtype': 'str', 'name': 'item_id', 'type': 'categorical'}, {'active': True, 'dtype': 'str', 'name': 'cate_id', 'type': 'categorical'}, {'active': True, 'dtype': 'str', 'feature_encoder': 'layers.MaskedAveragePooling()', 'max_len': 100, 'name': 'item_history', 'padding': 'post', 'share_embedding': 'item_id', 'splitter': '^', 'type': 'sequence'}, {'active': True, 'dtype': 'str', 'feature_encoder': 'layers.MaskedAveragePooling()', 'max_len': 100, 'name': 'cate_history', 'padding': 'post', 'share_embedding': 'cate_id', 'splitter': '^', 'type': 'sequence'}]",
    "feature_config": "None",
    "feature_specs": "[{'feature_encoder': None, 'name': 'item_history'}, {'feature_encoder': None, 'name': 'cate_history'}]",
    "gpu": "6",
    "group_id": "user_id",
    "label_col": "{'dtype': 'float', 'name': 'label'}",
    "layer_norm": "True",
    "learning_rate": "0.0005",
    "loss": "binary_crossentropy",
    "metrics": "['gAUC', 'AUC', 'logloss']",
    "min_categr_count": "1",
    "model": "DMIN",
    "model_id": "DMIN_amazonelectronics_x1_007_2401549e",
    "model_root": "./checkpoints/DMIN_amazonelectronics_x1/",
    "monitor": "gAUC",
    "monitor_mode": "max",
    "neg_seq_field": "None",
    "net_dropout": "0.1",
    "net_regularizer": "0",
    "num_heads": "8",
    "num_workers": "3",
    "optimizer": "adam",
    "pickle_feature_encoder": "True",
    "pos_emb_dim": "4",
    "save_best_only": "True",
    "seed": "20222023",
    "sequence_field": "('item_history', 'cate_history')",
    "shuffle": "True",
    "target_field": "('item_id', 'cate_id')",
    "task": "binary_classification",
    "test_data": "../data/Amazon/AmazonElectronics_x1/test.csv",
    "train_data": "../data/Amazon/AmazonElectronics_x1/train.csv",
    "use_behavior_refiner": "True",
    "use_features": "None",
    "use_pos_emb": "True",
    "valid_data": "../data/Amazon/AmazonElectronics_x1/test.csv",
    "verbose": "1"
}
2023-05-24 11:27:29,817 P47166 INFO Set up feature processor...
2023-05-24 11:27:29,817 P47166 WARNING Skip rebuilding ../data/Amazon/amazonelectronics_x1_51836f99/feature_map.json. Please delete it manually if rebuilding is required.
2023-05-24 11:27:29,817 P47166 INFO Load feature_map from json: ../data/Amazon/amazonelectronics_x1_51836f99/feature_map.json
2023-05-24 11:27:29,818 P47166 INFO Set column index...
2023-05-24 11:27:29,818 P47166 INFO Feature specs: {
    "cate_history": "{'source': '', 'type': 'sequence', 'feature_encoder': None, 'share_embedding': 'cate_id', 'padding_idx': 0, 'oov_idx': 802, 'vocab_size': 803, 'max_len': 100}",
    "cate_id": "{'source': '', 'type': 'categorical', 'padding_idx': 0, 'oov_idx': 802, 'vocab_size': 803}",
    "item_history": "{'source': '', 'type': 'sequence', 'feature_encoder': None, 'share_embedding': 'item_id', 'padding_idx': 0, 'oov_idx': 63002, 'vocab_size': 63003, 'max_len': 100}",
    "item_id": "{'source': '', 'type': 'categorical', 'padding_idx': 0, 'oov_idx': 63002, 'vocab_size': 63003}",
    "user_id": "{'type': 'meta'}"
}
2023-05-24 11:27:35,917 P47166 INFO Total number of parameters: 8107401.
2023-05-24 11:27:35,918 P47166 INFO Loading data...
2023-05-24 11:27:35,918 P47166 INFO Loading data from h5: ../data/Amazon/amazonelectronics_x1_51836f99/train.h5
2023-05-24 11:27:39,498 P47166 INFO Train samples: total/2608764, blocks/1
2023-05-24 11:27:39,498 P47166 INFO Loading data from h5: ../data/Amazon/amazonelectronics_x1_51836f99/valid.h5
2023-05-24 11:27:39,955 P47166 INFO Validation samples: total/384806, blocks/1
2023-05-24 11:27:39,955 P47166 INFO Loading train and validation data done.
2023-05-24 11:27:39,955 P47166 INFO Start training: 2548 batches/epoch
2023-05-24 11:27:39,955 P47166 INFO ************ Epoch=1 start ************
2023-05-24 11:42:55,871 P47166 INFO Train loss: 0.633171
2023-05-24 11:42:55,871 P47166 INFO Evaluation @epoch 1 - batch 2548: 
2023-05-24 11:44:31,320 P47166 INFO [Metrics] gAUC: 0.824587
2023-05-24 11:44:31,321 P47166 INFO Save best model: monitor(max)=0.824587
2023-05-24 11:44:31,420 P47166 INFO ************ Epoch=1 end ************
2023-05-24 11:59:48,032 P47166 INFO Train loss: 0.597241
2023-05-24 11:59:48,033 P47166 INFO Evaluation @epoch 2 - batch 2548: 
2023-05-24 12:01:22,531 P47166 INFO [Metrics] gAUC: 0.838599
2023-05-24 12:01:22,532 P47166 INFO Save best model: monitor(max)=0.838599
2023-05-24 12:01:22,674 P47166 INFO ************ Epoch=2 end ************
2023-05-24 12:16:59,671 P47166 INFO Train loss: 0.581494
2023-05-24 12:16:59,671 P47166 INFO Evaluation @epoch 3 - batch 2548: 
2023-05-24 12:18:34,305 P47166 INFO [Metrics] gAUC: 0.846499
2023-05-24 12:18:34,306 P47166 INFO Save best model: monitor(max)=0.846499
2023-05-24 12:18:34,449 P47166 INFO ************ Epoch=3 end ************
2023-05-24 12:33:53,696 P47166 INFO Train loss: 0.572642
2023-05-24 12:33:53,697 P47166 INFO Evaluation @epoch 4 - batch 2548: 
2023-05-24 12:35:25,704 P47166 INFO [Metrics] gAUC: 0.854088
2023-05-24 12:35:25,705 P47166 INFO Save best model: monitor(max)=0.854088
2023-05-24 12:35:25,832 P47166 INFO ************ Epoch=4 end ************
2023-05-24 12:51:00,148 P47166 INFO Train loss: 0.567083
2023-05-24 12:51:00,149 P47166 INFO Evaluation @epoch 5 - batch 2548: 
2023-05-24 12:52:36,536 P47166 INFO [Metrics] gAUC: 0.856005
2023-05-24 12:52:36,537 P47166 INFO Save best model: monitor(max)=0.856005
2023-05-24 12:52:36,679 P47166 INFO ************ Epoch=5 end ************
2023-05-24 13:07:56,608 P47166 INFO Train loss: 0.563811
2023-05-24 13:07:56,609 P47166 INFO Evaluation @epoch 6 - batch 2548: 
2023-05-24 13:09:31,070 P47166 INFO [Metrics] gAUC: 0.858344
2023-05-24 13:09:31,071 P47166 INFO Save best model: monitor(max)=0.858344
2023-05-24 13:09:31,215 P47166 INFO ************ Epoch=6 end ************
2023-05-24 13:25:08,550 P47166 INFO Train loss: 0.558664
2023-05-24 13:25:08,551 P47166 INFO Evaluation @epoch 7 - batch 2548: 
2023-05-24 13:26:44,990 P47166 INFO [Metrics] gAUC: 0.850345
2023-05-24 13:26:44,991 P47166 INFO Monitor(max)=0.850345 STOP!
2023-05-24 13:26:44,991 P47166 INFO Reduce learning rate on plateau: 0.000050
2023-05-24 13:26:45,045 P47166 INFO ************ Epoch=7 end ************
2023-05-24 13:42:06,304 P47166 INFO Train loss: 0.469430
2023-05-24 13:42:06,304 P47166 INFO Evaluation @epoch 8 - batch 2548: 
2023-05-24 13:43:41,616 P47166 INFO [Metrics] gAUC: 0.878308
2023-05-24 13:43:41,617 P47166 INFO Save best model: monitor(max)=0.878308
2023-05-24 13:43:41,765 P47166 INFO ************ Epoch=8 end ************
2023-05-24 13:59:20,412 P47166 INFO Train loss: 0.424771
2023-05-24 13:59:20,413 P47166 INFO Evaluation @epoch 9 - batch 2548: 
2023-05-24 14:00:55,698 P47166 INFO [Metrics] gAUC: 0.882476
2023-05-24 14:00:55,699 P47166 INFO Save best model: monitor(max)=0.882476
2023-05-24 14:00:55,846 P47166 INFO ************ Epoch=9 end ************
2023-05-24 14:16:18,135 P47166 INFO Train loss: 0.405234
2023-05-24 14:16:18,136 P47166 INFO Evaluation @epoch 10 - batch 2548: 
2023-05-24 14:17:48,986 P47166 INFO [Metrics] gAUC: 0.885636
2023-05-24 14:17:48,987 P47166 INFO Save best model: monitor(max)=0.885636
2023-05-24 14:17:49,154 P47166 INFO ************ Epoch=10 end ************
2023-05-24 14:33:15,813 P47166 INFO Train loss: 0.393587
2023-05-24 14:33:15,813 P47166 INFO Evaluation @epoch 11 - batch 2548: 
2023-05-24 14:34:41,038 P47166 INFO [Metrics] gAUC: 0.884456
2023-05-24 14:34:41,039 P47166 INFO Monitor(max)=0.884456 STOP!
2023-05-24 14:34:41,039 P47166 INFO Reduce learning rate on plateau: 0.000005
2023-05-24 14:34:41,106 P47166 INFO ************ Epoch=11 end ************
2023-05-24 14:49:57,000 P47166 INFO Train loss: 0.351805
2023-05-24 14:49:57,001 P47166 INFO Evaluation @epoch 12 - batch 2548: 
2023-05-24 14:51:22,467 P47166 INFO [Metrics] gAUC: 0.882938
2023-05-24 14:51:22,468 P47166 INFO Monitor(max)=0.882938 STOP!
2023-05-24 14:51:22,469 P47166 INFO Reduce learning rate on plateau: 0.000001
2023-05-24 14:51:22,469 P47166 INFO ********* Epoch==12 early stop *********
2023-05-24 14:51:22,524 P47166 INFO Training finished.
2023-05-24 14:51:22,524 P47166 INFO Load best model: /cache/FuxiCTR/benchmark/checkpoints/DMIN_amazonelectronics_x1/amazonelectronics_x1_51836f99/DMIN_amazonelectronics_x1_007_2401549e.model
2023-05-24 14:51:22,591 P47166 INFO ****** Validation evaluation ******
2023-05-24 14:52:43,997 P47166 INFO [Metrics] gAUC: 0.885636 - AUC: 0.887665 - logloss: 0.424567
2023-05-24 14:52:44,082 P47166 INFO ******** Test evaluation ********
2023-05-24 14:52:44,082 P47166 INFO Loading data...
2023-05-24 14:52:44,082 P47166 INFO Loading data from h5: ../data/Amazon/amazonelectronics_x1_51836f99/test.h5
2023-05-24 14:52:44,528 P47166 INFO Test samples: total/384806, blocks/1
2023-05-24 14:52:44,528 P47166 INFO Loading test data done.
2023-05-24 14:54:05,129 P47166 INFO [Metrics] gAUC: 0.885636 - AUC: 0.887665 - logloss: 0.424567
